CRITICAL - 2022-01-21 10:55:35 --> SplFileInfo::getSize(): stat failed for 20220121/1642784135_c5a32b7461a68a74d71d.jpg
#0 C:\Users\kusha\Desktop\New folder (2)\Image-Upload-using-CodeIgniter\vendor\codeigniter4\framework\system\Files\File.php(64): SplFileInfo->getSize()
#1 C:\Users\kusha\Desktop\New folder (2)\Image-Upload-using-CodeIgniter\vendor\codeigniter4\framework\system\Files\File.php(76): CodeIgniter\Files\File->getSize()
#2 C:\Users\kusha\Desktop\New folder (2)\Image-Upload-using-CodeIgniter\app\Views\upload_success.php(15): CodeIgniter\Files\File->getSizeByUnit('kb')
#3 C:\Users\kusha\Desktop\New folder (2)\Image-Upload-using-CodeIgniter\vendor\codeigniter4\framework\system\View\View.php(210): include('C:\\Users\\kusha\\...')
#4 C:\Users\kusha\Desktop\New folder (2)\Image-Upload-using-CodeIgniter\vendor\codeigniter4\framework\system\View\View.php(213): CodeIgniter\View\View->CodeIgniter\View\{closure}()
#5 C:\Users\kusha\Desktop\New folder (2)\Image-Upload-using-CodeIgniter\vendor\codeigniter4\framework\system\Common.php(1089): CodeIgniter\View\View->render('upload_success', Array, true)
#6 C:\Users\kusha\Desktop\New folder (2)\Image-Upload-using-CodeIgniter\app\Controllers\Upload.php(47): view('upload_success', Array)
#7 C:\Users\kusha\Desktop\New folder (2)\Image-Upload-using-CodeIgniter\vendor\codeigniter4\framework\system\CodeIgniter.php(825): App\Controllers\Upload->upload()
#8 C:\Users\kusha\Desktop\New folder (2)\Image-Upload-using-CodeIgniter\vendor\codeigniter4\framework\system\CodeIgniter.php(412): CodeIgniter\CodeIgniter->runController(Object(App\Controllers\Upload))
#9 C:\Users\kusha\Desktop\New folder (2)\Image-Upload-using-CodeIgniter\vendor\codeigniter4\framework\system\CodeIgniter.php(320): CodeIgniter\CodeIgniter->handleRequest(NULL, Object(Config\Cache), false)
#10 C:\Users\kusha\Desktop\New folder (2)\Image-Upload-using-CodeIgniter\public\index.php(37): CodeIgniter\CodeIgniter->run()
#11 C:\Users\kusha\Desktop\New folder (2)\Image-Upload-using-CodeIgniter\vendor\codeigniter4\framework\system\Commands\Server\rewrite.php(43): require_once('C:\\Users\\kusha\\...')
#12 {main}
CRITICAL - 2022-01-21 11:00:11 --> SplFileInfo::getSize(): stat failed for 20220121/1642784411_58015e64cee198bb2e4d.jpg
#0 C:\Users\kusha\Desktop\New folder (2)\Image-Upload-using-CodeIgniter\vendor\codeigniter4\framework\system\Files\File.php(64): SplFileInfo->getSize()
#1 C:\Users\kusha\Desktop\New folder (2)\Image-Upload-using-CodeIgniter\vendor\codeigniter4\framework\system\Files\File.php(76): CodeIgniter\Files\File->getSize()
#2 C:\Users\kusha\Desktop\New folder (2)\Image-Upload-using-CodeIgniter\app\Views\upload_success.php(15): CodeIgniter\Files\File->getSizeByUnit('kb')
#3 C:\Users\kusha\Desktop\New folder (2)\Image-Upload-using-CodeIgniter\vendor\codeigniter4\framework\system\View\View.php(210): include('C:\\Users\\kusha\\...')
#4 C:\Users\kusha\Desktop\New folder (2)\Image-Upload-using-CodeIgniter\vendor\codeigniter4\framework\system\View\View.php(213): CodeIgniter\View\View->CodeIgniter\View\{closure}()
#5 C:\Users\kusha\Desktop\New folder (2)\Image-Upload-using-CodeIgniter\vendor\codeigniter4\framework\system\Common.php(1089): CodeIgniter\View\View->render('upload_success', Array, true)
#6 C:\Users\kusha\Desktop\New folder (2)\Image-Upload-using-CodeIgniter\app\Controllers\Upload.php(47): view('upload_success', Array)
#7 C:\Users\kusha\Desktop\New folder (2)\Image-Upload-using-CodeIgniter\vendor\codeigniter4\framework\system\CodeIgniter.php(825): App\Controllers\Upload->upload()
#8 C:\Users\kusha\Desktop\New folder (2)\Image-Upload-using-CodeIgniter\vendor\codeigniter4\framework\system\CodeIgniter.php(412): CodeIgniter\CodeIgniter->runController(Object(App\Controllers\Upload))
#9 C:\Users\kusha\Desktop\New folder (2)\Image-Upload-using-CodeIgniter\vendor\codeigniter4\framework\system\CodeIgniter.php(320): CodeIgniter\CodeIgniter->handleRequest(NULL, Object(Config\Cache), false)
#10 C:\Users\kusha\Desktop\New folder (2)\Image-Upload-using-CodeIgniter\public\index.php(37): CodeIgniter\CodeIgniter->run()
#11 C:\Users\kusha\Desktop\New folder (2)\Image-Upload-using-CodeIgniter\vendor\codeigniter4\framework\system\Commands\Server\rewrite.php(43): require_once('C:\\Users\\kusha\\...')
#12 {main}
CRITICAL - 2022-01-21 11:03:11 --> SplFileInfo::getSize(): stat failed for 20220121/1642784591_5b91f6e4ab79c7d5fba4.jpeg
#0 C:\Users\kusha\Desktop\New folder (2)\Image-Upload-using-CodeIgniter\vendor\codeigniter4\framework\system\Files\File.php(64): SplFileInfo->getSize()
#1 C:\Users\kusha\Desktop\New folder (2)\Image-Upload-using-CodeIgniter\vendor\codeigniter4\framework\system\Files\File.php(76): CodeIgniter\Files\File->getSize()
#2 C:\Users\kusha\Desktop\New folder (2)\Image-Upload-using-CodeIgniter\app\Views\upload_success.php(15): CodeIgniter\Files\File->getSizeByUnit('kb')
#3 C:\Users\kusha\Desktop\New folder (2)\Image-Upload-using-CodeIgniter\vendor\codeigniter4\framework\system\View\View.php(210): include('C:\\Users\\kusha\\...')
#4 C:\Users\kusha\Desktop\New folder (2)\Image-Upload-using-CodeIgniter\vendor\codeigniter4\framework\system\View\View.php(213): CodeIgniter\View\View->CodeIgniter\View\{closure}()
#5 C:\Users\kusha\Desktop\New folder (2)\Image-Upload-using-CodeIgniter\vendor\codeigniter4\framework\system\Common.php(1089): CodeIgniter\View\View->render('upload_success', Array, true)
#6 C:\Users\kusha\Desktop\New folder (2)\Image-Upload-using-CodeIgniter\app\Controllers\Upload.php(47): view('upload_success', Array)
#7 C:\Users\kusha\Desktop\New folder (2)\Image-Upload-using-CodeIgniter\vendor\codeigniter4\framework\system\CodeIgniter.php(825): App\Controllers\Upload->upload()
#8 C:\Users\kusha\Desktop\New folder (2)\Image-Upload-using-CodeIgniter\vendor\codeigniter4\framework\system\CodeIgniter.php(412): CodeIgniter\CodeIgniter->runController(Object(App\Controllers\Upload))
#9 C:\Users\kusha\Desktop\New folder (2)\Image-Upload-using-CodeIgniter\vendor\codeigniter4\framework\system\CodeIgniter.php(320): CodeIgniter\CodeIgniter->handleRequest(NULL, Object(Config\Cache), false)
#10 C:\Users\kusha\Desktop\New folder (2)\Image-Upload-using-CodeIgniter\public\index.php(37): CodeIgniter\CodeIgniter->run()
#11 C:\Users\kusha\Desktop\New folder (2)\Image-Upload-using-CodeIgniter\vendor\codeigniter4\framework\system\Commands\Server\rewrite.php(43): require_once('C:\\Users\\kusha\\...')
#12 {main}
